2025-11-12 20:27:03,949 INFO o.a.j.u.JMeterUtils: Setting Locale to en_EN
2025-11-12 20:27:04,046 INFO o.a.j.JMeter: Loading user properties from: C:\Users\Andres\Desktop\LORD ENNARD\apache-jmeter-5.6.3\bin\user.properties
2025-11-12 20:27:04,064 INFO o.a.j.JMeter: Loading system properties from: C:\Users\Andres\Desktop\LORD ENNARD\apache-jmeter-5.6.3\bin\system.properties
2025-11-12 20:27:04,065 INFO o.a.j.JMeter: Copyright (c) 1998-2024 The Apache Software Foundation
2025-11-12 20:27:04,065 INFO o.a.j.JMeter: Version 5.6.3
2025-11-12 20:27:04,065 INFO o.a.j.JMeter: java.version=21.0.8
2025-11-12 20:27:04,065 INFO o.a.j.JMeter: java.vm.name=OpenJDK 64-Bit Server VM
2025-11-12 20:27:04,065 INFO o.a.j.JMeter: os.name=Windows 11
2025-11-12 20:27:04,065 INFO o.a.j.JMeter: os.arch=amd64
2025-11-12 20:27:04,065 INFO o.a.j.JMeter: os.version=10.0
2025-11-12 20:27:04,065 INFO o.a.j.JMeter: file.encoding=UTF-8
2025-11-12 20:27:04,065 INFO o.a.j.JMeter: java.awt.headless=true
2025-11-12 20:27:04,065 INFO o.a.j.JMeter: Max memory     =1073741824
2025-11-12 20:27:04,065 INFO o.a.j.JMeter: Available Processors =8
2025-11-12 20:27:04,094 INFO o.a.j.JMeter: Default Locale=English (EN)
2025-11-12 20:27:04,094 INFO o.a.j.JMeter: JMeter  Locale=English (EN)
2025-11-12 20:27:04,094 INFO o.a.j.JMeter: JMeterHome=C:\Users\Andres\Desktop\LORD ENNARD\apache-jmeter-5.6.3
2025-11-12 20:27:04,094 INFO o.a.j.JMeter: user.dir  =C:\Users\Andres\Desktop\DevOps\biblioteca-devops
2025-11-12 20:27:04,095 INFO o.a.j.JMeter: PWD       =C:\Users\Andres\Desktop\DevOps\biblioteca-devops
2025-11-12 20:27:09,061 INFO o.a.j.JMeter: IP: 192.168.141.1 Name: LordEnnard14 FullName: LordEnnard14
2025-11-12 20:27:09,092 INFO o.a.j.JMeter: Setting property 'jmeter.reportgenerator.outputdir' to:'C:\Users\Andres\Desktop\DevOps\biblioteca-devops\report'
2025-11-12 20:27:09,092 ERROR o.a.j.JMeter: An error occurred: 
org.apache.jmeter.report.config.ConfigurationException: The file C:\Users\Andres\Desktop\DevOps\biblioteca-devops\api_books.jmx doesn't exist or can't be opened
	at org.apache.jmeter.JMeter.runNonGui(JMeter.java:950) ~[ApacheJMeter_core.jar:5.6.3]
	at org.apache.jmeter.JMeter.startNonGui(JMeter.java:940) ~[ApacheJMeter_core.jar:5.6.3]
	at org.apache.jmeter.JMeter.start(JMeter.java:508) [ApacheJMeter_core.jar:5.6.3]
	at java.base/jdk.internal.reflect.DirectMethodHandleAccessor.invoke(DirectMethodHandleAccessor.java:103) ~[?:?]
	at java.base/java.lang.reflect.Method.invoke(Method.java:580) ~[?:?]
	at org.apache.jmeter.NewDriver.main(NewDriver.java:259) [ApacheJMeter.jar:5.6.3]
