2025-11-12 20:28:14,837 INFO o.a.j.u.JMeterUtils: Setting Locale to en_EN
2025-11-12 20:28:14,854 INFO o.a.j.JMeter: Loading user properties from: C:\Users\Andres\Desktop\LORD ENNARD\apache-jmeter-5.6.3\bin\user.properties
2025-11-12 20:28:14,854 INFO o.a.j.JMeter: Loading system properties from: C:\Users\Andres\Desktop\LORD ENNARD\apache-jmeter-5.6.3\bin\system.properties
2025-11-12 20:28:14,854 INFO o.a.j.JMeter: Copyright (c) 1998-2024 The Apache Software Foundation
2025-11-12 20:28:14,854 INFO o.a.j.JMeter: Version 5.6.3
2025-11-12 20:28:14,854 INFO o.a.j.JMeter: java.version=21.0.8
2025-11-12 20:28:14,854 INFO o.a.j.JMeter: java.vm.name=OpenJDK 64-Bit Server VM
2025-11-12 20:28:14,854 INFO o.a.j.JMeter: os.name=Windows 11
2025-11-12 20:28:14,854 INFO o.a.j.JMeter: os.arch=amd64
2025-11-12 20:28:14,854 INFO o.a.j.JMeter: os.version=10.0
2025-11-12 20:28:14,854 INFO o.a.j.JMeter: file.encoding=UTF-8
2025-11-12 20:28:14,854 INFO o.a.j.JMeter: java.awt.headless=true
2025-11-12 20:28:14,854 INFO o.a.j.JMeter: Max memory     =1073741824
2025-11-12 20:28:14,854 INFO o.a.j.JMeter: Available Processors =8
2025-11-12 20:28:14,869 INFO o.a.j.JMeter: Default Locale=English (EN)
2025-11-12 20:28:14,869 INFO o.a.j.JMeter: JMeter  Locale=English (EN)
2025-11-12 20:28:14,869 INFO o.a.j.JMeter: JMeterHome=C:\Users\Andres\Desktop\LORD ENNARD\apache-jmeter-5.6.3
2025-11-12 20:28:14,869 INFO o.a.j.JMeter: user.dir  =C:\Users\Andres\Desktop\DevOps\biblioteca-devops\jmeter
2025-11-12 20:28:14,869 INFO o.a.j.JMeter: PWD       =C:\Users\Andres\Desktop\DevOps\biblioteca-devops\jmeter
2025-11-12 20:28:19,827 INFO o.a.j.JMeter: IP: 192.168.141.1 Name: LordEnnard14 FullName: LordEnnard14
2025-11-12 20:28:19,838 INFO o.a.j.JMeter: Setting property 'jmeter.reportgenerator.outputdir' to:'C:\Users\Andres\Desktop\DevOps\biblioteca-devops\jmeter\report'
2025-11-12 20:28:19,838 INFO o.a.j.s.FileServer: Default base='C:\Users\Andres\Desktop\DevOps\biblioteca-devops\jmeter'
2025-11-12 20:28:19,853 INFO o.a.j.s.FileServer: Set new base='C:\Users\Andres\Desktop\DevOps\biblioteca-devops\jmeter'
2025-11-12 20:28:20,481 INFO o.a.j.s.SaveService: Testplan (JMX) version: 2.2. Testlog (JTL) version: 2.2
2025-11-12 20:28:20,622 INFO o.a.j.s.SaveService: Using SaveService properties version 5.0
2025-11-12 20:28:20,622 INFO o.a.j.s.SaveService: Using SaveService properties file encoding UTF-8
2025-11-12 20:28:20,622 INFO o.a.j.s.SaveService: Loading file: api_books.jmx
2025-11-12 20:28:20,880 INFO o.a.j.p.h.s.HTTPSamplerBase: Parser for text/html is org.apache.jmeter.protocol.http.parser.LagartoBasedHtmlParser
2025-11-12 20:28:20,880 INFO o.a.j.p.h.s.HTTPSamplerBase: Parser for application/xhtml+xml is org.apache.jmeter.protocol.http.parser.LagartoBasedHtmlParser
2025-11-12 20:28:20,880 INFO o.a.j.p.h.s.HTTPSamplerBase: Parser for application/xml is org.apache.jmeter.protocol.http.parser.LagartoBasedHtmlParser
2025-11-12 20:28:20,880 INFO o.a.j.p.h.s.HTTPSamplerBase: Parser for text/xml is org.apache.jmeter.protocol.http.parser.LagartoBasedHtmlParser
2025-11-12 20:28:20,880 INFO o.a.j.p.h.s.HTTPSamplerBase: Parser for text/vnd.wap.wml is org.apache.jmeter.protocol.http.parser.RegexpHTMLParser
2025-11-12 20:28:20,880 INFO o.a.j.p.h.s.HTTPSamplerBase: Parser for text/css is org.apache.jmeter.protocol.http.parser.CssParser
2025-11-12 20:28:20,934 INFO o.a.j.JMeter: Creating summariser <summary>
2025-11-12 20:28:20,950 INFO o.a.j.r.d.ReportGenerator: ReportGenerator will use for Parsing the separator: ','
2025-11-12 20:28:20,950 INFO o.a.j.r.d.ReportGenerator: Will generate report at end of test from  results file: results.jtl
2025-11-12 20:28:20,950 INFO o.a.j.r.d.ReportGenerator: Reading report generator properties from: C:\Users\Andres\Desktop\LORD ENNARD\apache-jmeter-5.6.3\bin\reportgenerator.properties
2025-11-12 20:28:20,963 INFO o.a.j.r.d.ReportGenerator: Merging with JMeter properties
2025-11-12 20:28:20,966 INFO o.a.j.r.c.ReportGeneratorConfiguration: Property 'jmeter.reportgenerator.temp_dir' not found, using default value 'temp' instead.
2025-11-12 20:28:20,966 INFO o.a.j.r.c.ReportGeneratorConfiguration: Property 'jmeter.reportgenerator.apdex_per_transaction' not found, using default value 'null' instead.
2025-11-12 20:28:20,966 INFO o.a.j.r.c.ReportGeneratorConfiguration: apdex_per_transaction is empty, not APDEX per transaction customization
2025-11-12 20:28:20,966 INFO o.a.j.r.c.ReportGeneratorConfiguration: Property 'jmeter.reportgenerator.sample_filter' not found, using default value 'null' instead.
2025-11-12 20:28:20,966 INFO o.a.j.r.c.ReportGeneratorConfiguration: Property 'jmeter.reportgenerator.report_title' not found, using default value 'null' instead.
2025-11-12 20:28:20,966 INFO o.a.j.r.c.ReportGeneratorConfiguration: Property 'jmeter.reportgenerator.start_date' not found, using default value 'null' instead.
2025-11-12 20:28:20,966 INFO o.a.j.r.c.ReportGeneratorConfiguration: Property 'jmeter.reportgenerator.end_date' not found, using default value 'null' instead.
2025-11-12 20:28:20,966 INFO o.a.j.r.c.ReportGeneratorConfiguration: Property 'jmeter.reportgenerator.date_format' not found, using default value 'null' instead.
2025-11-12 20:28:20,966 INFO o.a.j.r.c.ReportGeneratorConfiguration: Will use date range start date: null, end date: null
2025-11-12 20:28:20,966 INFO o.a.j.r.c.ReportGeneratorConfiguration: Property 'jmeter.reportgenerator.graph.totalTPS.exclude_controllers' not found, using default value 'false' instead.
2025-11-12 20:28:20,966 INFO o.a.j.r.c.ReportGeneratorConfiguration: Property 'jmeter.reportgenerator.graph.activeThreadsOverTime.exclude_controllers' not found, using default value 'false' instead.
2025-11-12 20:28:20,966 INFO o.a.j.r.c.ReportGeneratorConfiguration: Property 'jmeter.reportgenerator.graph.timeVsThreads.exclude_controllers' not found, using default value 'false' instead.
2025-11-12 20:28:20,966 INFO o.a.j.r.c.ReportGeneratorConfiguration: Property 'jmeter.reportgenerator.graph.responseTimeDistribution.exclude_controllers' not found, using default value 'false' instead.
2025-11-12 20:28:20,966 INFO o.a.j.r.c.ReportGeneratorConfiguration: Property 'jmeter.reportgenerator.graph.transactionsPerSecond.exclude_controllers' not found, using default value 'false' instead.
2025-11-12 20:28:20,966 INFO o.a.j.r.c.ReportGeneratorConfiguration: Property 'jmeter.reportgenerator.graph.responseTimePercentiles.exclude_controllers' not found, using default value 'false' instead.
2025-11-12 20:28:20,966 INFO o.a.j.r.c.ReportGeneratorConfiguration: Property 'jmeter.reportgenerator.graph.responseTimePercentilesOverTime.exclude_controllers' not found, using default value 'false' instead.
2025-11-12 20:28:20,966 INFO o.a.j.r.c.ReportGeneratorConfiguration: Property 'jmeter.reportgenerator.graph.responseTimesOverTime.exclude_controllers' not found, using default value 'false' instead.
2025-11-12 20:28:20,966 INFO o.a.j.r.c.ReportGeneratorConfiguration: Property 'jmeter.reportgenerator.graph.connectTimeOverTime.exclude_controllers' not found, using default value 'false' instead.
2025-11-12 20:28:20,966 INFO o.a.j.r.c.ReportGeneratorConfiguration: Property 'jmeter.reportgenerator.graph.latenciesOverTime.exclude_controllers' not found, using default value 'false' instead.
2025-11-12 20:28:20,983 INFO o.a.j.r.c.ReportGeneratorConfiguration: Property 'jmeter.reportgenerator.exporter.json.filters_only_sample_series' not found, using default value 'true' instead.
2025-11-12 20:28:20,983 INFO o.a.j.r.c.ReportGeneratorConfiguration: Property 'jmeter.reportgenerator.exporter.json.series_filter' not found, using default value '' instead.
2025-11-12 20:28:20,983 INFO o.a.j.r.c.ReportGeneratorConfiguration: Property 'jmeter.reportgenerator.exporter.json.show_controllers_only' not found, using default value 'false' instead.
2025-11-12 20:28:20,983 INFO o.a.j.r.c.ReportGeneratorConfiguration: Property 'jmeter.reportgenerator.exporter.html.filters_only_sample_series' not found, using default value 'true' instead.
2025-11-12 20:28:20,983 INFO o.a.j.r.c.ReportGeneratorConfiguration: Property 'jmeter.reportgenerator.exporter.html.series_filter' not found, using default value '' instead.
2025-11-12 20:28:20,983 INFO o.a.j.r.c.ReportGeneratorConfiguration: Property 'jmeter.reportgenerator.exporter.html.show_controllers_only' not found, using default value 'false' instead.
2025-11-12 20:28:20,998 INFO o.a.j.e.StandardJMeterEngine: Running the test!
2025-11-12 20:28:20,998 INFO o.a.j.s.SampleEvent: List of sample_variables: []
2025-11-12 20:28:20,998 INFO o.a.j.s.SampleEvent: List of sample_variables: []
2025-11-12 20:28:21,009 INFO o.a.j.e.u.CompoundVariable: Note: Function class names must contain the string: '.functions.'
2025-11-12 20:28:21,009 INFO o.a.j.e.u.CompoundVariable: Note: Function class names must not contain the string: '.gui.'
2025-11-12 20:28:21,116 INFO o.a.j.JMeter: Running test (1762997301116)
2025-11-12 20:28:21,138 INFO o.a.j.e.StandardJMeterEngine: Starting ThreadGroup: 1 : Usuarios Concurrentes
2025-11-12 20:28:21,139 INFO o.a.j.e.StandardJMeterEngine: Starting 25 threads for group Usuarios Concurrentes.
2025-11-12 20:28:21,139 INFO o.a.j.e.StandardJMeterEngine: Thread will continue on error
2025-11-12 20:28:21,139 INFO o.a.j.t.ThreadGroup: Starting thread group... number=1 threads=25 ramp-up=10 delayedStart=false
2025-11-12 20:28:21,148 INFO o.a.j.t.JMeterThread: Thread started: Usuarios Concurrentes 1-1
2025-11-12 20:28:21,161 INFO o.a.j.t.ThreadGroup: Started thread group number 1
2025-11-12 20:28:21,162 INFO o.a.j.e.StandardJMeterEngine: All thread groups have been started
2025-11-12 20:28:21,185 INFO o.a.j.p.h.s.HTTPHCAbstractImpl: Local host = LordEnnard14
2025-11-12 20:28:21,197 INFO o.a.j.p.h.s.HTTPHC4Impl: HTTP request retry count = 0
2025-11-12 20:28:21,199 INFO o.a.j.s.SampleResult: Note: Sample TimeStamps are START times
2025-11-12 20:28:21,199 INFO o.a.j.s.SampleResult: sampleresult.default.encoding is set to UTF-8
2025-11-12 20:28:21,199 INFO o.a.j.s.SampleResult: sampleresult.useNanoTime=true
2025-11-12 20:28:21,199 INFO o.a.j.s.SampleResult: sampleresult.nanoThreadSleep=5000
2025-11-12 20:28:21,522 INFO o.a.j.t.JMeterThread: Thread is done: Usuarios Concurrentes 1-1
2025-11-12 20:28:21,523 INFO o.a.j.t.JMeterThread: Thread finished: Usuarios Concurrentes 1-1
2025-11-12 20:28:21,545 INFO o.a.j.t.JMeterThread: Thread started: Usuarios Concurrentes 1-2
2025-11-12 20:28:21,654 INFO o.a.j.t.JMeterThread: Thread is done: Usuarios Concurrentes 1-2
2025-11-12 20:28:21,655 INFO o.a.j.t.JMeterThread: Thread finished: Usuarios Concurrentes 1-2
2025-11-12 20:28:21,943 INFO o.a.j.t.JMeterThread: Thread started: Usuarios Concurrentes 1-3
2025-11-12 20:28:22,063 INFO o.a.j.t.JMeterThread: Thread is done: Usuarios Concurrentes 1-3
2025-11-12 20:28:22,063 INFO o.a.j.t.JMeterThread: Thread finished: Usuarios Concurrentes 1-3
2025-11-12 20:28:22,341 INFO o.a.j.t.JMeterThread: Thread started: Usuarios Concurrentes 1-4
2025-11-12 20:28:22,466 INFO o.a.j.t.JMeterThread: Thread is done: Usuarios Concurrentes 1-4
2025-11-12 20:28:22,466 INFO o.a.j.t.JMeterThread: Thread finished: Usuarios Concurrentes 1-4
2025-11-12 20:28:22,741 INFO o.a.j.t.JMeterThread: Thread started: Usuarios Concurrentes 1-5
2025-11-12 20:28:22,853 INFO o.a.j.t.JMeterThread: Thread is done: Usuarios Concurrentes 1-5
2025-11-12 20:28:22,853 INFO o.a.j.t.JMeterThread: Thread finished: Usuarios Concurrentes 1-5
2025-11-12 20:28:23,140 INFO o.a.j.t.JMeterThread: Thread started: Usuarios Concurrentes 1-6
2025-11-12 20:28:23,270 INFO o.a.j.t.JMeterThread: Thread is done: Usuarios Concurrentes 1-6
2025-11-12 20:28:23,270 INFO o.a.j.t.JMeterThread: Thread finished: Usuarios Concurrentes 1-6
2025-11-12 20:28:23,540 INFO o.a.j.t.JMeterThread: Thread started: Usuarios Concurrentes 1-7
2025-11-12 20:28:23,642 INFO o.a.j.t.JMeterThread: Thread is done: Usuarios Concurrentes 1-7
2025-11-12 20:28:23,642 INFO o.a.j.t.JMeterThread: Thread finished: Usuarios Concurrentes 1-7
2025-11-12 20:28:23,940 INFO o.a.j.t.JMeterThread: Thread started: Usuarios Concurrentes 1-8
2025-11-12 20:28:24,043 INFO o.a.j.t.JMeterThread: Thread is done: Usuarios Concurrentes 1-8
2025-11-12 20:28:24,043 INFO o.a.j.t.JMeterThread: Thread finished: Usuarios Concurrentes 1-8
2025-11-12 20:28:24,341 INFO o.a.j.t.JMeterThread: Thread started: Usuarios Concurrentes 1-9
2025-11-12 20:28:24,456 INFO o.a.j.t.JMeterThread: Thread is done: Usuarios Concurrentes 1-9
2025-11-12 20:28:24,457 INFO o.a.j.t.JMeterThread: Thread finished: Usuarios Concurrentes 1-9
2025-11-12 20:28:24,741 INFO o.a.j.t.JMeterThread: Thread started: Usuarios Concurrentes 1-10
2025-11-12 20:28:24,851 INFO o.a.j.t.JMeterThread: Thread is done: Usuarios Concurrentes 1-10
2025-11-12 20:28:24,851 INFO o.a.j.t.JMeterThread: Thread finished: Usuarios Concurrentes 1-10
2025-11-12 20:28:25,141 INFO o.a.j.t.JMeterThread: Thread started: Usuarios Concurrentes 1-11
2025-11-12 20:28:25,264 INFO o.a.j.t.JMeterThread: Thread is done: Usuarios Concurrentes 1-11
2025-11-12 20:28:25,265 INFO o.a.j.t.JMeterThread: Thread finished: Usuarios Concurrentes 1-11
2025-11-12 20:28:25,540 INFO o.a.j.t.JMeterThread: Thread started: Usuarios Concurrentes 1-12
2025-11-12 20:28:25,653 INFO o.a.j.t.JMeterThread: Thread is done: Usuarios Concurrentes 1-12
2025-11-12 20:28:25,653 INFO o.a.j.t.JMeterThread: Thread finished: Usuarios Concurrentes 1-12
2025-11-12 20:28:25,949 INFO o.a.j.t.JMeterThread: Thread started: Usuarios Concurrentes 1-13
2025-11-12 20:28:26,101 INFO o.a.j.t.JMeterThread: Thread is done: Usuarios Concurrentes 1-13
2025-11-12 20:28:26,101 INFO o.a.j.t.JMeterThread: Thread finished: Usuarios Concurrentes 1-13
2025-11-12 20:28:26,341 INFO o.a.j.t.JMeterThread: Thread started: Usuarios Concurrentes 1-14
2025-11-12 20:28:26,457 INFO o.a.j.t.JMeterThread: Thread is done: Usuarios Concurrentes 1-14
2025-11-12 20:28:26,457 INFO o.a.j.t.JMeterThread: Thread finished: Usuarios Concurrentes 1-14
2025-11-12 20:28:26,748 INFO o.a.j.t.JMeterThread: Thread started: Usuarios Concurrentes 1-15
2025-11-12 20:28:26,861 INFO o.a.j.t.JMeterThread: Thread is done: Usuarios Concurrentes 1-15
2025-11-12 20:28:26,862 INFO o.a.j.t.JMeterThread: Thread finished: Usuarios Concurrentes 1-15
2025-11-12 20:28:27,154 INFO o.a.j.t.JMeterThread: Thread started: Usuarios Concurrentes 1-16
2025-11-12 20:28:27,281 INFO o.a.j.t.JMeterThread: Thread is done: Usuarios Concurrentes 1-16
2025-11-12 20:28:27,281 INFO o.a.j.t.JMeterThread: Thread finished: Usuarios Concurrentes 1-16
2025-11-12 20:28:27,542 INFO o.a.j.t.JMeterThread: Thread started: Usuarios Concurrentes 1-17
2025-11-12 20:28:27,649 INFO o.a.j.t.JMeterThread: Thread is done: Usuarios Concurrentes 1-17
2025-11-12 20:28:27,649 INFO o.a.j.t.JMeterThread: Thread finished: Usuarios Concurrentes 1-17
2025-11-12 20:28:27,940 INFO o.a.j.t.JMeterThread: Thread started: Usuarios Concurrentes 1-18
2025-11-12 20:28:28,048 INFO o.a.j.t.JMeterThread: Thread is done: Usuarios Concurrentes 1-18
2025-11-12 20:28:28,048 INFO o.a.j.t.JMeterThread: Thread finished: Usuarios Concurrentes 1-18
2025-11-12 20:28:28,341 INFO o.a.j.t.JMeterThread: Thread started: Usuarios Concurrentes 1-19
2025-11-12 20:28:28,443 INFO o.a.j.t.JMeterThread: Thread is done: Usuarios Concurrentes 1-19
2025-11-12 20:28:28,443 INFO o.a.j.t.JMeterThread: Thread finished: Usuarios Concurrentes 1-19
2025-11-12 20:28:28,741 INFO o.a.j.t.JMeterThread: Thread started: Usuarios Concurrentes 1-20
2025-11-12 20:28:28,851 INFO o.a.j.t.JMeterThread: Thread is done: Usuarios Concurrentes 1-20
2025-11-12 20:28:28,851 INFO o.a.j.t.JMeterThread: Thread finished: Usuarios Concurrentes 1-20
2025-11-12 20:28:29,155 INFO o.a.j.t.JMeterThread: Thread started: Usuarios Concurrentes 1-21
2025-11-12 20:28:29,266 INFO o.a.j.t.JMeterThread: Thread is done: Usuarios Concurrentes 1-21
2025-11-12 20:28:29,268 INFO o.a.j.t.JMeterThread: Thread finished: Usuarios Concurrentes 1-21
2025-11-12 20:28:29,540 INFO o.a.j.t.JMeterThread: Thread started: Usuarios Concurrentes 1-22
2025-11-12 20:28:29,626 INFO o.a.j.t.JMeterThread: Thread is done: Usuarios Concurrentes 1-22
2025-11-12 20:28:29,626 INFO o.a.j.t.JMeterThread: Thread finished: Usuarios Concurrentes 1-22
2025-11-12 20:28:29,940 INFO o.a.j.t.JMeterThread: Thread started: Usuarios Concurrentes 1-23
2025-11-12 20:28:30,006 INFO o.a.j.r.Summariser: summary +    339 in 00:00:09 =   38.1/s Avg:     7 Min:     1 Max:    90 Err:     0 (0.00%) Active: 1 Started: 23 Finished: 22
2025-11-12 20:28:30,049 INFO o.a.j.t.JMeterThread: Thread is done: Usuarios Concurrentes 1-23
2025-11-12 20:28:30,049 INFO o.a.j.t.JMeterThread: Thread finished: Usuarios Concurrentes 1-23
2025-11-12 20:28:30,341 INFO o.a.j.t.JMeterThread: Thread started: Usuarios Concurrentes 1-24
2025-11-12 20:28:30,445 INFO o.a.j.t.JMeterThread: Thread is done: Usuarios Concurrentes 1-24
2025-11-12 20:28:30,445 INFO o.a.j.t.JMeterThread: Thread finished: Usuarios Concurrentes 1-24
2025-11-12 20:28:30,741 INFO o.a.j.t.JMeterThread: Thread started: Usuarios Concurrentes 1-25
2025-11-12 20:28:30,852 INFO o.a.j.t.JMeterThread: Thread is done: Usuarios Concurrentes 1-25
2025-11-12 20:28:30,852 INFO o.a.j.t.JMeterThread: Thread finished: Usuarios Concurrentes 1-25
2025-11-12 20:28:30,853 INFO o.a.j.e.StandardJMeterEngine: Notifying test listeners of end of test
2025-11-12 20:28:30,854 INFO o.a.j.r.Summariser: summary +     36 in 00:00:01 =   42.3/s Avg:     6 Min:     1 Max:    17 Err:     0 (0.00%) Active: 0 Started: 25 Finished: 25
2025-11-12 20:28:30,856 INFO o.a.j.r.Summariser: summary =    375 in 00:00:10 =   38.5/s Avg:     7 Min:     1 Max:    90 Err:     0 (0.00%)
2025-11-12 20:28:30,857 INFO o.a.j.JMeter: Generating Dashboard
2025-11-12 20:28:30,857 INFO o.a.j.r.d.ReportGenerator: Flushing result collector before report Generation
2025-11-12 20:28:30,904 INFO o.a.j.r.p.NormalizerSampleConsumer: Using format, 'ms', to parse timeStamp field
2025-11-12 20:28:31,142 INFO o.a.j.r.p.AbstractSampleConsumer: class org.apache.jmeter.report.processor.AggregateConsumer#stopProducing(): beginDate produced 0 samples
2025-11-12 20:28:31,142 INFO o.a.j.r.p.AbstractSampleConsumer: class org.apache.jmeter.report.processor.AggregateConsumer#stopProducing(): endDate produced 0 samples
2025-11-12 20:28:31,157 INFO o.a.j.r.p.AbstractSampleConsumer: class org.apache.jmeter.report.processor.ApdexSummaryConsumer#stopProducing(): apdexSummary produced 0 samples
2025-11-12 20:28:31,157 INFO o.a.j.r.p.AbstractSampleConsumer: class org.apache.jmeter.report.processor.RequestsSummaryConsumer#stopProducing(): requestsSummary produced 0 samples
2025-11-12 20:28:31,161 INFO o.a.j.r.p.AbstractSampleConsumer: class org.apache.jmeter.report.processor.StatisticsSummaryConsumer#stopProducing(): statisticsSummary produced 0 samples
2025-11-12 20:28:31,167 INFO o.a.j.r.p.AbstractSampleConsumer: class org.apache.jmeter.report.processor.Top5ErrorsBySamplerConsumer#stopProducing(): top5ErrorsBySampler produced 0 samples
2025-11-12 20:28:31,167 INFO o.a.j.r.p.AbstractSampleConsumer: class org.apache.jmeter.report.processor.ErrorsSummaryConsumer#stopProducing(): errorsSummary produced 0 samples
2025-11-12 20:28:31,167 INFO o.a.j.r.p.AbstractSampleConsumer: class org.apache.jmeter.report.processor.graph.impl.HitsPerSecondGraphConsumer#stopProducing(): hitsPerSecond produced 0 samples
2025-11-12 20:28:31,220 INFO o.a.j.r.p.AbstractSampleConsumer: class org.apache.jmeter.report.processor.graph.impl.LatencyVSRequestGraphConsumer#stopProducing(): latencyVsRequest produced 0 samples
2025-11-12 20:28:31,220 INFO o.a.j.r.p.AbstractSampleConsumer: class org.apache.jmeter.report.processor.graph.impl.SyntheticResponseTimeDistributionGraphConsumer#stopProducing(): syntheticResponseTimeDistribution produced 0 samples
2025-11-12 20:28:31,220 INFO o.a.j.r.p.AbstractSampleConsumer: class org.apache.jmeter.report.processor.graph.impl.BytesThroughputGraphConsumer#stopProducing(): bytesThroughputOverTime produced 0 samples
2025-11-12 20:28:31,225 INFO o.a.j.r.p.AbstractSampleConsumer: class org.apache.jmeter.report.processor.graph.impl.CodesPerSecondGraphConsumer#stopProducing(): codesPerSecond produced 0 samples
2025-11-12 20:28:31,271 INFO o.a.j.r.p.AbstractSampleConsumer: class org.apache.jmeter.report.processor.graph.impl.ResponseTimeVSRequestGraphConsumer#stopProducing(): responseTimeVsRequest produced 0 samples
2025-11-12 20:28:31,271 INFO o.a.j.r.p.AbstractSampleConsumer: class org.apache.jmeter.report.processor.FilterConsumer#stopProducing(): startIntervalControlerFilter produced 2625 samples
2025-11-12 20:28:31,272 INFO o.a.j.r.p.AbstractSampleConsumer: class org.apache.jmeter.report.processor.graph.impl.TotalTPSGraphConsumer#stopProducing(): totalTPS produced 0 samples
2025-11-12 20:28:31,272 INFO o.a.j.r.p.AbstractSampleConsumer: class org.apache.jmeter.report.processor.graph.impl.ActiveThreadsGraphConsumer#stopProducing(): activeThreadsOverTime produced 0 samples
2025-11-12 20:28:31,272 INFO o.a.j.r.p.AbstractSampleConsumer: class org.apache.jmeter.report.processor.graph.impl.TimeVSThreadGraphConsumer#stopProducing(): timeVsThreads produced 0 samples
2025-11-12 20:28:31,272 INFO o.a.j.r.p.AbstractSampleConsumer: class org.apache.jmeter.report.processor.graph.impl.ResponseTimeDistributionGraphConsumer#stopProducing(): responseTimeDistribution produced 0 samples
2025-11-12 20:28:31,272 INFO o.a.j.r.p.AbstractSampleConsumer: class org.apache.jmeter.report.processor.graph.impl.TransactionsPerSecondGraphConsumer#stopProducing(): transactionsPerSecond produced 0 samples
2025-11-12 20:28:31,272 INFO o.a.j.r.p.AbstractSampleConsumer: class org.apache.jmeter.report.processor.graph.impl.ResponseTimePercentilesGraphConsumer#stopProducing(): responseTimePercentiles produced 0 samples
2025-11-12 20:28:31,274 INFO o.a.j.r.p.AbstractSampleConsumer: class org.apache.jmeter.report.processor.graph.impl.ResponseTimePercentilesOverTimeGraphConsumer#stopProducing(): responseTimePercentilesOverTime produced 0 samples
2025-11-12 20:28:31,274 INFO o.a.j.r.p.AbstractSampleConsumer: class org.apache.jmeter.report.processor.graph.impl.ResponseTimeOverTimeGraphConsumer#stopProducing(): responseTimesOverTime produced 0 samples
2025-11-12 20:28:31,275 INFO o.a.j.r.p.AbstractSampleConsumer: class org.apache.jmeter.report.processor.graph.impl.ConnectTimeOverTimeGraphConsumer#stopProducing(): connectTimeOverTime produced 0 samples
2025-11-12 20:28:31,275 INFO o.a.j.r.p.AbstractSampleConsumer: class org.apache.jmeter.report.processor.graph.impl.LatencyOverTimeGraphConsumer#stopProducing(): latenciesOverTime produced 0 samples
2025-11-12 20:28:31,275 INFO o.a.j.r.p.AbstractSampleConsumer: class org.apache.jmeter.report.processor.FilterConsumer#stopProducing(): nameFilter produced 5625 samples
2025-11-12 20:28:31,275 INFO o.a.j.r.p.AbstractSampleConsumer: class org.apache.jmeter.report.processor.FilterConsumer#stopProducing(): dateRangeFilter produced 1125 samples
2025-11-12 20:28:31,275 INFO o.a.j.r.p.AbstractSampleConsumer: class org.apache.jmeter.report.processor.NormalizerSampleConsumer#stopProducing(): normalizer produced 375 samples
2025-11-12 20:28:31,275 INFO o.a.j.r.p.CsvFileSampleSource: produce(): 375 samples produced in 338ms on channel 0
2025-11-12 20:28:31,275 INFO o.a.j.r.d.ReportGenerator: Exporting data using exporter:'json' of className:'org.apache.jmeter.report.dashboard.JsonExporter'
2025-11-12 20:28:31,387 INFO o.a.j.r.d.JsonExporter: Found data for consumer statisticsSummary in context
2025-11-12 20:28:31,387 INFO o.a.j.r.d.JsonExporter: Creating statistics for overall
2025-11-12 20:28:31,387 INFO o.a.j.r.d.JsonExporter: Creating statistics for other transactions
2025-11-12 20:28:31,387 INFO o.a.j.r.d.JsonExporter: Checking output folder
2025-11-12 20:28:31,387 INFO o.a.j.r.d.JsonExporter: Writing statistics JSON to C:\Users\Andres\Desktop\DevOps\biblioteca-devops\jmeter\report\statistics.json
2025-11-12 20:28:31,456 INFO o.a.j.r.d.ReportGenerator: Exporting data using exporter:'html' of className:'org.apache.jmeter.report.dashboard.HtmlTemplateExporter'
2025-11-12 20:28:31,463 INFO o.a.j.r.d.HtmlTemplateExporter: Will generate dashboard in folder: C:\Users\Andres\Desktop\DevOps\biblioteca-devops\jmeter\report
2025-11-12 20:28:31,710 INFO o.a.j.r.d.HtmlTemplateExporter: Report will be generated in: C:\Users\Andres\Desktop\DevOps\biblioteca-devops\jmeter\report, creating folder structure
2025-11-12 20:28:31,717 INFO o.a.j.r.d.TemplateVisitor: Copying folder from 'C:\Users\Andres\Desktop\LORD ENNARD\apache-jmeter-5.6.3\bin\report-template' to 'C:\Users\Andres\Desktop\DevOps\biblioteca-devops\jmeter\report', got message: C:\Users\Andres\Desktop\DevOps\biblioteca-devops\jmeter\report, found non empty folder with following content [C:\Users\Andres\Desktop\DevOps\biblioteca-devops\jmeter\report\statistics.json], will be ignored
2025-11-12 20:28:32,678 INFO o.a.j.JMeter: Dashboard generated
